<component name="libraryTable">
  <library name="junit-dep-4.9b3">
    <CLASSES>
      <root url="jar://$PROJECT_DIR$/lib/junit-dep-4.9b3.jar!/" />
    </CLASSES>
    <JAVADOC />
    <SOURCES />
  </library>
</component>